<?xml version="1.0" encoding="UTF-8" ?>
<testsuite errors="0" failures="0" hostname="Ricks-iMac.local" name="com.cloudelements.hub.crm.LeadSpec" tests="1" time="2.666" timestamp="2015-02-08T14:48:05">
  <properties />
  <testcase classname="com.cloudelements.hub.crm.LeadSpec" name="test something" time="2.663" />
  <system-out><![CDATA[--Output from test something--
rrothenb@yahoo.com is old
bigdeadbob@gmail.com is old
[bigdeadbob@gmail.com, rrothenb@yahoo.com, someone@somewhere.com, null, null, null, null]
[Big, Rick, some, Jessa, Ailie, Aidan, Shan]
[Bob, Rothenberg, one, Crumly, Wood, Wood, Rothenberg]
[null, null, null, null, null, null, null]
[null, null, null, null, null, null, null]
[null, null, null, null, null, null, null]
[null, null, null, null, null, null, null]
[null, null, null, null, null, null, null]
[rrothenb@yahoo.com, bigdeadbob@gmail.com]
[Rick, Big]
[Rothenberg, Bob]
[3036997226, 3036997226]
[2020 Ogden Street, 2020 Ogden Street]
[Denver, Denver]
[CO, CO]
[80205, 80205]
done
]]></system-out>
  <system-err><![CDATA[--Output from test something--
]]></system-err>
</testsuite>
